<?xml version="1.0" encoding="UTF-8"?>
<testsuite name="LibraryMockitoTest" tests="5" skipped="0" failures="0" errors="0" timestamp="2022-10-30T13:54:55" hostname="DESKTOP-RGGTMQN" time="0.116">
  <properties/>
  <testcase name="library_WhenCapacityIsGreaterThanBookCountInFile_ThenSortedAsInFileAndHasEmptyShells()" classname="LibraryMockitoTest" time="0.048"/>
  <testcase name="printBooks_WhenCorrectData_ThenPrintInConsole()" classname="LibraryMockitoTest" time="0.016"/>
  <testcase name="takeBook_WhennShellContainsBookByIndex_ThenReturnThatBook()" classname="LibraryMockitoTest" time="0.007"/>
  <testcase name="takeBook_WhenShellContainsBookByIndex_ThenPrintInConsole()" classname="LibraryMockitoTest" time="0.013"/>
  <testcase name="library_WhenCapacityLessThanBookCountInFile_ThenThrowsShellTooSmallException()" classname="LibraryMockitoTest" time="0.016"/>
  <system-out><![CDATA[]]></system-out>
  <system-err><![CDATA[]]></system-err>
</testsuite>
